<?xml version="1.0" encoding="UTF-8"?>
<testng-results ignored="0" total="1" passed="1" failed="0" skipped="0">
  <reporter-output>
  </reporter-output>
  <suite started-at="2023-11-01T11:40:57 PDT" name="Suite" finished-at="2023-11-01T11:42:25 PDT" duration-ms="87748">
    <groups>
      <group name="cucumber">
        <method signature="AbstractTestNGCucumberTests.runScenario(io.cucumber.testng.PickleWrapper,io.cucumber.testng.FeatureWrapper)[pri:0, instance:com.automation.runners.FirebaseRunner@192d43ce]" name="runScenario" class="io.cucumber.testng.AbstractTestNGCucumberTests"/>
      </group> <!-- cucumber -->
    </groups>
    <test started-at="2023-11-01T11:40:57 PDT" name="chromeTest" finished-at="2023-11-01T11:42:25 PDT" duration-ms="87748">
      <class name="com.automation.runners.FirebaseRunner">
        <test-method is-config="true" signature="setUpClass(org.testng.ITestContext)[pri:0, instance:com.automation.runners.FirebaseRunner@192d43ce]" started-at="2023-11-01T11:40:57 PDT" name="setUpClass" finished-at="2023-11-01T11:41:01 PDT" duration-ms="3997" status="PASS">
          <params>
            <param index="0">
              <value>
                <![CDATA[org.testng.TestRunner@149b4d20]]>
              </value>
            </param>
          </params>
          <reporter-output>
          </reporter-output>
        </test-method> <!-- setUpClass -->
        <test-method signature="runScenario(io.cucumber.testng.PickleWrapper,io.cucumber.testng.FeatureWrapper)[pri:0, instance:com.automation.runners.FirebaseRunner@192d43ce]" started-at="2023-11-01T11:41:01 PDT" name="runScenario" description="Runs Cucumber Scenarios" data-provider="scenarios" finished-at="2023-11-01T11:42:25 PDT" duration-ms="83333" status="PASS">
          <params>
            <param index="0">
              <value>
                <![CDATA["Login with valid user and valid password"]]>
              </value>
            </param>
            <param index="1">
              <value>
                <![CDATA["Login into firebase application"]]>
              </value>
            </param>
          </params>
          <reporter-output>
          </reporter-output>
        </test-method> <!-- runScenario -->
        <test-method is-config="true" signature="tearDownClass()[pri:0, instance:com.automation.runners.FirebaseRunner@192d43ce]" started-at="2023-11-01T11:42:25 PDT" name="tearDownClass" finished-at="2023-11-01T11:42:25 PDT" duration-ms="228" status="PASS">
          <reporter-output>
          </reporter-output>
        </test-method> <!-- tearDownClass -->
      </class> <!-- com.automation.runners.FirebaseRunner -->
    </test> <!-- chromeTest -->
  </suite> <!-- Suite -->
</testng-results>
